
Gurobi 7.5.2 (win64, Python) logging started 11/10/18 00:26:14

Academic license - for non-commercial use only
Optimize a model with 3064 rows, 2784 columns and 11136 nonzeros
Model has 970224 quadratic objective terms
Variable types: 0 continuous, 2784 integer (2784 binary)
Coefficient statistics:
  Matrix range     [1e+00, 1e+00]
  Objective range  [8e-06, 2e+00]
  QObjective range [4e-03, 3e+00]
  Bounds range     [1e+00, 1e+00]
  RHS range        [1e+00, 1e+00]
Presolve time: 0.50s
Presolved: 3064 rows, 2784 columns, 11136 nonzeros
Presolved model has 970224 quadratic objective terms
Variable types: 0 continuous, 2784 integer (2784 binary)

Root relaxation: infeasible, 950 iterations, 0.14 seconds

    Nodes    |    Current Node    |     Objective Bounds      |     Work
 Expl Unexpl |  Obj  Depth IntInf | Incumbent    BestBd   Gap | It/Node Time

     0     0 infeasible    0               - infeasible      -     -    1s

Explored 0 nodes (950 simplex iterations) in 1.09 seconds
Thread count was 4 (of 4 available processors)

Solution count 0

Model is infeasible
Best objective -, best bound -, gap -
Optimize a model with 3064 rows, 2784 columns and 11136 nonzeros
Model has 970224 quadratic objective terms
Variable types: 0 continuous, 2784 integer (2784 binary)
Coefficient statistics:
  Matrix range     [1e+00, 1e+00]
  Objective range  [8e-06, 2e+00]
  QObjective range [4e-03, 3e+00]
  Bounds range     [1e+00, 1e+00]
  RHS range        [1e+00, 1e+00]
Presolve time: 0.22s
Presolved: 3064 rows, 2784 columns, 11136 nonzeros
Presolved model has 970224 quadratic objective terms
Variable types: 0 continuous, 2784 integer (2784 binary)

Root relaxation: infeasible, 950 iterations, 0.09 seconds

    Nodes    |    Current Node    |     Objective Bounds      |     Work
 Expl Unexpl |  Obj  Depth IntInf | Incumbent    BestBd   Gap | It/Node Time

     0     0 infeasible    0               - infeasible      -     -    0s

Explored 0 nodes (950 simplex iterations) in 0.48 seconds
Thread count was 4 (of 4 available processors)

Solution count 0

Model is infeasible
Best objective -, best bound -, gap -
Optimize a model with 280 rows, 2784 columns and 5568 nonzeros
Model has 970224 quadratic objective terms
Variable types: 0 continuous, 2784 integer (2784 binary)
Coefficient statistics:
  Matrix range     [1e+00, 1e+00]
  Objective range  [1e-02, 1e+00]
  QObjective range [4e-03, 3e+00]
  Bounds range     [1e+00, 1e+00]
  RHS range        [1e+00, 1e+00]
Presolve time: 0.21s
Presolved: 280 rows, 2784 columns, 5568 nonzeros
Presolved model has 970224 quadratic objective terms
Variable types: 0 continuous, 2784 integer (2784 binary)

Root relaxation: infeasible, 659 iterations, 0.05 seconds

    Nodes    |    Current Node    |     Objective Bounds      |     Work
 Expl Unexpl |  Obj  Depth IntInf | Incumbent    BestBd   Gap | It/Node Time

     0     0 infeasible    0               - infeasible      -     -    0s

Explored 0 nodes (659 simplex iterations) in 0.40 seconds
Thread count was 4 (of 4 available processors)

Solution count 0

Model is infeasible
Best objective -, best bound -, gap -
Optimize a model with 280 rows, 2784 columns and 5568 nonzeros
Model has 970224 quadratic objective terms
Variable types: 0 continuous, 2784 integer (2784 binary)
Coefficient statistics:
  Matrix range     [1e+00, 1e+00]
  Objective range  [1e-02, 1e+00]
  QObjective range [4e-03, 3e+00]
  Bounds range     [1e+00, 1e+00]
  RHS range        [1e+00, 1e+00]
Presolve time: 0.21s
Presolved: 280 rows, 2784 columns, 5568 nonzeros
Presolved model has 970224 quadratic objective terms
Variable types: 0 continuous, 2784 integer (2784 binary)

Root relaxation: infeasible, 659 iterations, 0.08 seconds

    Nodes    |    Current Node    |     Objective Bounds      |     Work
 Expl Unexpl |  Obj  Depth IntInf | Incumbent    BestBd   Gap | It/Node Time

     0     0 infeasible    0               - infeasible      -     -    0s

Explored 0 nodes (659 simplex iterations) in 0.44 seconds
Thread count was 4 (of 4 available processors)

Solution count 0

Model is infeasible
Best objective -, best bound -, gap -
Optimize a model with 280 rows, 2784 columns and 5568 nonzeros
Model has 970224 quadratic objective terms
Variable types: 0 continuous, 2784 integer (2784 binary)
Coefficient statistics:
  Matrix range     [1e+00, 1e+00]
  Objective range  [3e-02, 1e+00]
  QObjective range [4e-03, 3e+00]
  Bounds range     [1e+00, 1e+00]
  RHS range        [1e+00, 1e+00]
Presolve time: 0.20s
Presolved: 280 rows, 2784 columns, 5568 nonzeros
Presolved model has 970224 quadratic objective terms
Variable types: 0 continuous, 2784 integer (2784 binary)

Root relaxation: infeasible, 730 iterations, 0.07 seconds

    Nodes    |    Current Node    |     Objective Bounds      |     Work
 Expl Unexpl |  Obj  Depth IntInf | Incumbent    BestBd   Gap | It/Node Time

     0     0 infeasible    0               - infeasible      -     -    0s

Explored 0 nodes (730 simplex iterations) in 0.53 seconds
Thread count was 4 (of 4 available processors)

Solution count 0

Model is infeasible
Best objective -, best bound -, gap -
Optimize a model with 280 rows, 2784 columns and 5568 nonzeros
Model has 970224 quadratic objective terms
Variable types: 0 continuous, 2784 integer (2784 binary)
Coefficient statistics:
  Matrix range     [1e+00, 1e+00]
  Objective range  [4e-03, 1e+00]
  QObjective range [4e-03, 3e+00]
  Bounds range     [1e+00, 1e+00]
  RHS range        [1e+00, 1e+00]
Presolve time: 0.24s
Presolved: 280 rows, 2784 columns, 5568 nonzeros
Presolved model has 970224 quadratic objective terms
Variable types: 0 continuous, 2784 integer (2784 binary)

Root relaxation: infeasible, 494 iterations, 0.05 seconds

    Nodes    |    Current Node    |     Objective Bounds      |     Work
 Expl Unexpl |  Obj  Depth IntInf | Incumbent    BestBd   Gap | It/Node Time

     0     0 infeasible    0               - infeasible      -     -    0s

Explored 0 nodes (494 simplex iterations) in 0.44 seconds
Thread count was 4 (of 4 available processors)

Solution count 0

Model is infeasible
Best objective -, best bound -, gap -
Optimize a model with 280 rows, 2784 columns and 5568 nonzeros
Variable types: 0 continuous, 2784 integer (2784 binary)
Coefficient statistics:
  Matrix range     [1e+00, 1e+00]
  Objective range  [4e-02, 9e-01]
  Bounds range     [1e+00, 1e+00]
  RHS range        [1e+00, 1e+00]
Presolve time: 0.25s
Presolved: 280 rows, 2784 columns, 5568 nonzeros
Variable types: 0 continuous, 2784 integer (2784 binary)

Root relaxation: infeasible, 152 iterations, 0.00 seconds

    Nodes    |    Current Node    |     Objective Bounds      |     Work
 Expl Unexpl |  Obj  Depth IntInf | Incumbent    BestBd   Gap | It/Node Time

     0     0 infeasible    0               - infeasible      -     -    0s

Explored 0 nodes (152 simplex iterations) in 0.33 seconds
Thread count was 4 (of 4 available processors)

Solution count 0

Model is infeasible
Best objective -, best bound -, gap -
Optimize a model with 3064 rows, 2784 columns and 11136 nonzeros
Variable types: 0 continuous, 2784 integer (2784 binary)
Coefficient statistics:
  Matrix range     [1e+00, 1e+00]
  Objective range  [4e-02, 9e-01]
  Bounds range     [1e+00, 1e+00]
  RHS range        [1e+00, 1e+00]
Presolve time: 0.03s
Presolved: 3064 rows, 2784 columns, 11136 nonzeros
Variable types: 0 continuous, 2784 integer (2784 binary)

Root relaxation: infeasible, 2031 iterations, 0.04 seconds

    Nodes    |    Current Node    |     Objective Bounds      |     Work
 Expl Unexpl |  Obj  Depth IntInf | Incumbent    BestBd   Gap | It/Node Time

     0     0 infeasible    0               - infeasible      -     -    0s

Explored 0 nodes (2031 simplex iterations) in 0.19 seconds
Thread count was 4 (of 4 available processors)

Solution count 0

Model is infeasible
Best objective -, best bound -, gap -
Optimize a model with 3064 rows, 2784 columns and 11136 nonzeros
Variable types: 0 continuous, 2784 integer (2784 binary)
Coefficient statistics:
  Matrix range     [1e+00, 1e+00]
  Objective range  [4e-02, 9e-01]
  Bounds range     [1e+00, 1e+00]
  RHS range        [1e+00, 1e+00]
Presolve time: 0.02s
Presolved: 3064 rows, 2784 columns, 11136 nonzeros
Variable types: 0 continuous, 2784 integer (2784 binary)

Root relaxation: infeasible, 2031 iterations, 0.04 seconds

    Nodes    |    Current Node    |     Objective Bounds      |     Work
 Expl Unexpl |  Obj  Depth IntInf | Incumbent    BestBd   Gap | It/Node Time

     0     0 infeasible    0               - infeasible      -     -    0s

Explored 0 nodes (2031 simplex iterations) in 0.13 seconds
Thread count was 4 (of 4 available processors)

Solution count 0

Model is infeasible
Best objective -, best bound -, gap -
Optimize a model with 2784 rows, 2784 columns and 5568 nonzeros
Variable types: 0 continuous, 2784 integer (2784 binary)
Coefficient statistics:
  Matrix range     [1e+00, 1e+00]
  Objective range  [4e-02, 9e-01]
  Bounds range     [1e+00, 1e+00]
  RHS range        [1e+00, 1e+00]
Found heuristic solution: objective -304.9447960
Presolve removed 2780 rows and 2780 columns
Presolve time: 0.35s
Presolved: 4 rows, 4 columns, 8 nonzeros
Variable types: 0 continuous, 4 integer (4 binary)

Root relaxation: cutoff, 0 iterations, 0.00 seconds

Explored 0 nodes (0 simplex iterations) in 0.49 seconds
Thread count was 4 (of 4 available processors)

Solution count 1: -304.945 

Optimal solution found (tolerance 1.00e-04)
Best objective -3.049447959802e+02, best bound -3.049447959802e+02, gap 0.0000%
Optimize a model with 2784 rows, 2784 columns and 5568 nonzeros
Model has 970224 quadratic objective terms
Variable types: 0 continuous, 2784 integer (2784 binary)
Coefficient statistics:
  Matrix range     [1e+00, 1e+00]
  Objective range  [1e-02, 2e+00]
  QObjective range [4e-03, 3e+00]
  Bounds range     [1e+00, 1e+00]
  RHS range        [1e+00, 1e+00]
Found heuristic solution: objective 0.9445987
Presolve time: 0.17s
Presolved: 2784 rows, 2784 columns, 5568 nonzeros
Presolved model has 970224 quadratic objective terms
Variable types: 0 continuous, 2784 integer (2784 binary)

Root relaxation: objective 1.110223e-16, 38 iterations, 0.04 seconds

    Nodes    |    Current Node    |     Objective Bounds      |     Work
 Expl Unexpl |  Obj  Depth IntInf | Incumbent    BestBd   Gap | It/Node Time

     0     0    0.00000    0    8    0.94460    0.00000   100%     -    0s
H    0     0                       0.0298710    0.00000   100%     -    0s
H    0     0                       0.0257438    0.00000   100%     -    0s
H    0     0                       0.0061191    0.00000   100%     -    0s
H    0     0                       0.0006704    0.00000   100%     -    0s
     0     0    0.00000    0    6    0.00067    0.00000   100%     -    0s
     0     0    0.00000    0    6    0.00067    0.00000   100%     -    0s
H    0     2                       0.0006187    0.00000   100%     -    4s
     0     2    0.00000    0    6    0.00062    0.00000   100%     -    4s
H   18    13                       0.0002666    0.00000   100%   8.6    4s
    35    23    0.00000   16    4    0.00027    0.00000   100%   6.7    5s
H   54    23                       0.0000455    0.00000   100%   5.4    5s
H  128    40                       0.0000137    0.00000   100%   4.0    5s
H  564   298                       0.0000084    0.00000   100%   3.2    6s
H  804   442                       0.0000052    0.00000   100%   3.2    6s
H  877   485                       0.0000031    0.00000   100%   3.2    7s
H 1055   585                       0.0000015    0.00000   100%   3.1    7s
  1506   916    0.00000   10    6    0.00000    0.00000   100%   3.2   17s
  1745   942    0.00000   35    5    0.00000    0.00000   100%   3.5   20s
H 3116   594                       0.0000015    0.00000   100%   3.5   24s
  3331   522    0.00000  351    4    0.00000    0.00000   100%   3.5   25s
  4322   269    0.00000  603    4    0.00000    0.00000   100%   3.4   30s
  6216  1264     cutoff  544         0.00000    0.00000   100%   3.3   35s
H 7123  1807                       0.0000002    0.00000      -   3.4   39s
  7251  1897    0.00000  706    4    0.00000    0.00000      -   3.5   40s
H 8128  2257                       0.0000001    0.00000      -   3.5   42s
H 8182  2261                       0.0000001    0.00000      -   3.5   42s
H 8211  2261                       0.0000000    0.00000      -   3.5   42s
  8782  2487    0.00000  954    4    0.00000    0.00000      -   3.5   45s
 10580  2960    0.00000 1489    5    0.00000    0.00000      -   3.5   50s
 11866  3451    0.00000  282    4    0.00000    0.00000      -   3.4   56s
 13681  4251    0.00000  153    4    0.00000    0.00000      -   3.4   61s
 15514  4685    0.00000  633    4    0.00000    0.00000      -   3.3   65s
 16956  5381    0.00000  424    4    0.00000    0.00000      -   3.3   71s
 19087  6977    0.00000  304    4    0.00000    0.00000      -   3.3   76s
 20950  8253    0.00000 1441    6    0.00000    0.00000      -   3.3   84s
 20952  8254    0.00000  141    6    0.00000    0.00000      -   3.3   85s
 20955  8259    0.00000   19    6    0.00000    0.00000      -   3.3   98s
 21091  8259    0.00000   44    4    0.00000    0.00000      -   3.3  100s
 22325  7974    0.00000  331    4    0.00000    0.00000      -   3.3  105s
H22369  7551                       0.0000000    0.00000      -   3.3  105s
 23538  7610    0.00000  577    4    0.00000    0.00000      -   3.3  110s
 24481  7522    0.00000  878    5    0.00000    0.00000      -   3.3  115s
 26209  7580    0.00000 1333    5    0.00000    0.00000      -   3.3  120s
 27828  7551    0.00000  494    4    0.00000    0.00000      -   3.3  125s
 29419  7963    0.00000  907    4    0.00000    0.00000      -   3.3  130s
 31871  8660    0.00000 1371    5    0.00000    0.00000      -   3.3  136s
 33007  8756    0.00000  613    5    0.00000    0.00000      -   3.3  140s
 35188  8742    0.00000 1150    5    0.00000    0.00000      -   3.4  145s
 37428  9774    0.00000  848    4    0.00000    0.00000      -   3.3  150s
 39887 10163    0.00000  783    5    0.00000    0.00000      -   3.4  156s
 41612 10642    0.00000 1212    5    0.00000    0.00000      -   3.4  160s
 44137 10977    0.00000 1064    5    0.00000    0.00000      -   3.4  165s
 46051 11539    0.00000 1558    5    0.00000    0.00000      -   3.4  170s
 48286 11600    0.00000 1164    5    0.00000    0.00000      -   3.4  175s
 50620 12471    0.00000  588    4    0.00000    0.00000      -   3.4  180s
 52326 12957     cutoff  861         0.00000    0.00000      -   3.4  185s
 54764 14338    0.00000 1411    5    0.00000    0.00000      -   3.4  191s
 56869 14963    0.00000 1109    5    0.00000    0.00000      -   3.4  195s
 58945 15461    0.00000  960    5    0.00000    0.00000      -   3.4  200s
 60858 15645    0.00000 1445    5    0.00000    0.00000      -   3.4  205s
 62771 15783    0.00000 1118    5    0.00000    0.00000      -   3.4  211s
 64097 15791    0.00000 1436    5    0.00000    0.00000      -   3.4  215s
 66332 15953    0.00000 1280    5    0.00000    0.00000      -   3.4  221s
 68468 16436    0.00000 1187    5    0.00000    0.00000      -   3.4  225s
 70542 16391    0.00000  920    4    0.00000    0.00000      -   3.4  230s
 73659 16709    0.00000 1050    5    0.00000    0.00000      -   3.4  235s
 75591 17284    0.00000 1546    5    0.00000    0.00000      -   3.4  240s
 78639 18475    0.00000 1385    5    0.00000    0.00000      -   3.4  245s
 80749 19199    0.00000  897    4    0.00000    0.00000      -   3.4  251s
 82619 19759    0.00000 1358    4    0.00000    0.00000      -   3.4  255s
 84716 20579    0.00000  785    4    0.00000    0.00000      -   3.4  260s
 87159 22066    0.00000  836    5    0.00000    0.00000      -   3.4  265s
 89496 22448    0.00000  938    5    0.00000    0.00000      -   3.4  270s
 91148 23507    0.00000 1369    5    0.00000    0.00000      -   3.4  275s
 93605 24915    0.00000 1189    5    0.00000    0.00000      -   3.4  280s
 95678 25424    0.00000  989    5    0.00000    0.00000      -   3.4  285s
 98136 26103    0.00000 1004    5    0.00000    0.00000      -   3.4  291s
 100123 26685    0.00000 1095    5    0.00000    0.00000      -   3.4  295s
 102640 26886    0.00000  921    4    0.00000    0.00000      -   3.4  301s
 104397 26895    0.00000  924    4    0.00000    0.00000      -   3.4  305s
 106730 27492    0.00000 1292    4    0.00000    0.00000      -   3.4  310s
 108384 28452    0.00000  929    4    0.00000    0.00000      -   3.4  315s
 110648 29461    0.00000 1538    5    0.00000    0.00000      -   3.4  320s
 112878 29670     cutoff 1197         0.00000    0.00000      -   3.4  325s
 115750 27243    0.00000 1004    5    0.00000    0.00000      -   3.4  330s
 117913 27250    0.00000 1185    5    0.00000    0.00000      -   3.4  335s
 119979 27272    0.00000  898    4    0.00000    0.00000      -   3.4  340s
 122223 27779    0.00000 1017    5    0.00000    0.00000      -   3.4  345s
 123766 27980     cutoff  917         0.00000    0.00000      -   3.4  350s
 125686 28174    0.00000 1278    5    0.00000    0.00000      -   3.4  355s
 128170 28140    0.00000 1150    5    0.00000    0.00000      -   3.4  360s
 130836 28140    0.00000  922    4    0.00000    0.00000      -   3.4  366s
 133125 28802    0.00000 1450    5    0.00000    0.00000      -   3.4  370s
 135716 29131    0.00000 1066    4    0.00000    0.00000      -   3.4  375s
 137734 29875    0.00000 1598    4    0.00000    0.00000      -   3.4  380s
 140161 30917    0.00000 1438    4    0.00000    0.00000      -   3.4  385s
 142467 31931    0.00000 1408    4    0.00000    0.00000      -   3.4  390s
 145944 29481    0.00000  921    4    0.00000    0.00000      -   3.4  395s
 148718 29685    0.00000 1011    5    0.00000    0.00000      -   3.4  400s
 151197 30354    0.00000 1644    5    0.00000    0.00000      -   3.4  406s
 153308 30447    0.00000 1188    5    0.00000    0.00000      -   3.5  411s
 155668 30524     cutoff  897         0.00000    0.00000      -   3.5  416s
 157662 30529    0.00000 1346    5    0.00000    0.00000      -   3.5  420s
 160154 30721    0.00000 1121    5    0.00000    0.00000      -   3.5  425s
 162407 30847    0.00000  927    4    0.00000    0.00000      -   3.5  430s
 164808 30755    0.00000 1064    5    0.00000    0.00000      -   3.5  435s
 167130 30809    0.00000 1607    5    0.00000    0.00000      -   3.6  440s
 169035 31044    0.00000 1185    5    0.00000    0.00000      -   3.6  446s
 171191 31578    0.00000 1685    5    0.00000    0.00000      -   3.6  450s
 173358 31656    0.00000 1125    5    0.00000    0.00000      -   3.6  455s
 175532 31930    0.00000  910    4    0.00000    0.00000      -   3.6  460s
 177915 31987    0.00000 1124    5    0.00000    0.00000      -   3.6  465s
 180657 32316    0.00000 1241    5    0.00000    0.00000      -   3.6  470s
 183071 33057    0.00000  916    4    0.00000    0.00000      -   3.6  475s
 185272 33206    0.00000 1394    5    0.00000    0.00000      -   3.6  480s
 187329 33239    0.00000 1152    5    0.00000    0.00000      -   3.6  485s
 190170 34154     cutoff 1212         0.00000    0.00000      -   3.6  490s
 192369 35240     cutoff 1460         0.00000    0.00000      -   3.6  495s
 194657 36136    0.00000 1127    4    0.00000    0.00000      -   3.6  500s
 197579 37910    0.00000 1007    5    0.00000    0.00000      -   3.6  505s
 199953 38862    0.00000 1652    5    0.00000    0.00000      -   3.6  510s
 202938 40204    0.00000 1398    4    0.00000    0.00000      -   3.6  515s
 205402 41241    0.00000  969    5    0.00000    0.00000      -   3.6  520s
 207568 41915    0.00000 1484    5    0.00000    0.00000      -   3.6  525s
 210306 42531    0.00000  871    5    0.00000    0.00000      -   3.6  530s
 212559 43415    0.00000 1349    5    0.00000    0.00000      -   3.6  535s
 214960 44391    0.00000  947    5    0.00000    0.00000      -   3.6  540s
 218123 44515    0.00000  992    5    0.00000    0.00000      -   3.6  545s
 220549 44615    0.00000  821    4    0.00000    0.00000      -   3.6  550s
 223086 44758    0.00000 1129    5    0.00000    0.00000      -   3.6  555s
 226223 45484    0.00000 1253    5    0.00000    0.00000      -   3.6  560s
H226267 45484                       0.0000000    0.00000      -   3.6  560s
 228376 45904    0.00000 1076    5    0.00000    0.00000      -   3.6  565s
 230722 46040    0.00000  972    5    0.00000    0.00000      -   3.6  570s
 233675 46174    0.00000 1112    5    0.00000    0.00000      -   3.6  575s
 236338 46771    0.00000 1174    5    0.00000    0.00000      -   3.6  580s
 238757 47263    0.00000  886    4    0.00000    0.00000      -   3.6  585s
 241132 47439    0.00000 1494    5    0.00000    0.00000      -   3.6  590s
 243806 47791    0.00000 1281    5    0.00000    0.00000      -   3.6  595s
 246447 48010    0.00000  985    5    0.00000    0.00000      -   3.6  601s
 248894 48677    0.00000  924    4    0.00000    0.00000      -   3.6  606s
 251033 49167    0.00000 1350    5    0.00000    0.00000      -   3.6  610s
 253898 50088    0.00000 1427    5    0.00000    0.00000      -   3.6  615s
 256131 50418    0.00000 1156    5    0.00000    0.00000      -   3.6  621s
 258014 50653    0.00000 1489    5    0.00000    0.00000      -   3.6  626s
 259467 50701    0.00000  898    5    0.00000    0.00000      -   3.6  630s
 261640 50837    0.00000 1517    5    0.00000    0.00000      -   3.6  635s
 263964 51442    0.00000 1184    5    0.00000    0.00000      -   3.7  640s
 265861 51826     cutoff  885         0.00000    0.00000      -   3.7  645s
 268429 51915    0.00000 1413    5    0.00000    0.00000      -   3.7  650s
 270416 52288    0.00000  939    5    0.00000    0.00000      -   3.7  655s
 272317 52338    0.00000 1466    5    0.00000    0.00000      -   3.7  660s
 275170 52625     cutoff 1176         0.00000    0.00000      -   3.7  665s
 277437 52782     cutoff 1462         0.00000    0.00000      -   3.7  670s
 279944 52898    0.00000 1228    5    0.00000    0.00000      -   3.7  675s
 282424 53136    0.00000 1135    5    0.00000    0.00000      -   3.7  680s
 284027 53251    0.00000 1531    5    0.00000    0.00000      -   3.8  685s
 286693 53442    0.00000 1459    5    0.00000    0.00000      -   3.8  690s
 289054 54160    0.00000 1249    5    0.00000    0.00000      -   3.8  695s
 291188 54719    0.00000  939    5    0.00000    0.00000      -   3.8  700s
 293817 55455     cutoff  870         0.00000    0.00000      -   3.8  705s
 296346 55968    0.00000 1490    6    0.00000    0.00000      -   3.8  710s
 298411 56212    0.00000 1029    5    0.00000    0.00000      -   3.9  715s
 300079 56332    0.00000 1448    5    0.00000    0.00000      -   3.9  720s
 301708 56563    0.00000 1084    5    0.00000    0.00000      -   3.9  725s
 303791 56589    0.00000 1545    5    0.00000    0.00000      -   3.9  730s
 306311 56715    0.00000 1454    6    0.00000    0.00000      -   3.9  735s
 308261 56825    0.00000 1147    5    0.00000    0.00000      -   3.9  740s
 310510 57165    0.00000  941    5    0.00000    0.00000      -   3.9  745s
 312672 57737    0.00000 1510    5    0.00000    0.00000      -   3.9  750s
 315059 58429    0.00000 1421    5    0.00000    0.00000      -   3.9  755s
 317840 58750    0.00000 1426    5    0.00000    0.00000      -   3.9  761s
 319958 58973    0.00000 1223    5    0.00000    0.00000      -   3.9  765s
 321828 59194    0.00000 1659    5    0.00000    0.00000      -   3.9  770s
 324398 59885    0.00000 1490    6    0.00000    0.00000      -   3.9  775s
 326875 60063    0.00000 1408    5    0.00000    0.00000      -   3.9  780s
 328997 60224    0.00000 1285    5    0.00000    0.00000      -   3.9  785s
 331565 60732    0.00000 1194    5    0.00000    0.00000      -   3.9  790s
 333862 61114    0.00000 1085    5    0.00000    0.00000      -   4.0  795s
 336226 61281    0.00000  932    5    0.00000    0.00000      -   4.0  800s
 339024 61887     cutoff  888         0.00000    0.00000      -   4.0  805s
 341049 62263    0.00000 1480    5    0.00000    0.00000      -   4.0  810s

Gurobi 7.5.2 (win64, Python) logging started 11/10/18 12:57:30

Academic license - for non-commercial use only
Optimize a model with 3064 rows, 2784 columns and 11136 nonzeros
Variable types: 0 continuous, 2784 integer (2784 binary)
Coefficient statistics:
  Matrix range     [1e+00, 1e+00]
  Objective range  [4e-02, 9e-01]
  Bounds range     [1e+00, 1e+00]
  RHS range        [1e+00, 1e+00]
Presolve time: 0.03s
Presolved: 3064 rows, 2784 columns, 11136 nonzeros
Variable types: 0 continuous, 2784 integer (2784 binary)

Root relaxation: infeasible, 2031 iterations, 0.06 seconds

    Nodes    |    Current Node    |     Objective Bounds      |     Work
 Expl Unexpl |  Obj  Depth IntInf | Incumbent    BestBd   Gap | It/Node Time

     0     0 infeasible    0               - infeasible      -     -    0s

Explored 0 nodes (2031 simplex iterations) in 0.15 seconds
Thread count was 4 (of 4 available processors)

Solution count 0

Model is infeasible
Best objective -, best bound -, gap -
Optimize a model with 3064 rows, 2784 columns and 11136 nonzeros
Model has 970224 quadratic objective terms
Variable types: 0 continuous, 2784 integer (2784 binary)
Coefficient statistics:
  Matrix range     [1e+00, 1e+00]
  Objective range  [6e-02, 2e+00]
  QObjective range [4e-03, 3e+00]
  Bounds range     [1e+00, 1e+00]
  RHS range        [1e+00, 1e+00]
Presolve time: 0.21s
Presolved: 3064 rows, 2784 columns, 11136 nonzeros
Presolved model has 970224 quadratic objective terms
Variable types: 0 continuous, 2784 integer (2784 binary)

Root relaxation: infeasible, 1876 iterations, 0.22 seconds

    Nodes    |    Current Node    |     Objective Bounds      |     Work
 Expl Unexpl |  Obj  Depth IntInf | Incumbent    BestBd   Gap | It/Node Time

     0     0 infeasible    0               - infeasible      -     -    0s

Explored 0 nodes (1876 simplex iterations) in 0.58 seconds
Thread count was 4 (of 4 available processors)

Solution count 0

Model is infeasible
Best objective -, best bound -, gap -
Optimize a model with 3064 rows, 2784 columns and 11136 nonzeros
Model has 970224 quadratic objective terms
Variable types: 0 continuous, 2784 integer (2784 binary)
Coefficient statistics:
  Matrix range     [1e+00, 1e+00]
  Objective range  [6e-02, 2e+00]
  QObjective range [4e-03, 3e+00]
  Bounds range     [1e+00, 1e+00]
  RHS range        [1e+00, 1e+00]
Presolve time: 0.22s
Presolved: 3064 rows, 2784 columns, 11136 nonzeros
Presolved model has 970224 quadratic objective terms
Variable types: 0 continuous, 2784 integer (2784 binary)

Root relaxation: infeasible, 508 iterations, 0.07 seconds

    Nodes    |    Current Node    |     Objective Bounds      |     Work
 Expl Unexpl |  Obj  Depth IntInf | Incumbent    BestBd   Gap | It/Node Time

     0     0 infeasible    0               - infeasible      -     -    0s

Explored 0 nodes (508 simplex iterations) in 0.48 seconds
Thread count was 4 (of 4 available processors)

Solution count 0

Model is infeasible
Best objective -, best bound -, gap -

Gurobi 7.5.2 (win64, Python) logging started 11/10/18 15:34:57

Academic license - for non-commercial use only
Optimize a model with 3064 rows, 2784 columns and 11136 nonzeros
Model has 970224 quadratic objective terms
Variable types: 0 continuous, 2784 integer (2784 binary)
Coefficient statistics:
  Matrix range     [1e+00, 1e+00]
  Objective range  [8e-03, 1e+00]
  QObjective range [4e-03, 3e+00]
  Bounds range     [1e+00, 1e+00]
  RHS range        [1e+00, 1e+00]
Presolve time: 0.30s
Presolved: 3064 rows, 2784 columns, 11136 nonzeros
Presolved model has 970224 quadratic objective terms
Variable types: 0 continuous, 2784 integer (2784 binary)

Root relaxation: infeasible, 1071 iterations, 0.14 seconds

    Nodes    |    Current Node    |     Objective Bounds      |     Work
 Expl Unexpl |  Obj  Depth IntInf | Incumbent    BestBd   Gap | It/Node Time

     0     0 infeasible    0               - infeasible      -     -    0s

Explored 0 nodes (1071 simplex iterations) in 0.62 seconds
Thread count was 4 (of 4 available processors)

Solution count 0

Model is infeasible
Best objective -, best bound -, gap -
Optimize a model with 1672 rows, 2784 columns and 8352 nonzeros
Model has 970224 quadratic objective terms
Variable types: 0 continuous, 2784 integer (2784 binary)
Coefficient statistics:
  Matrix range     [1e+00, 1e+00]
  Objective range  [8e-03, 1e+00]
  QObjective range [4e-03, 3e+00]
  Bounds range     [1e+00, 1e+00]
  RHS range        [1e+00, 1e+00]
Presolve time: 0.26s
Presolved: 1672 rows, 2784 columns, 8352 nonzeros
Presolved model has 970224 quadratic objective terms
Variable types: 0 continuous, 2784 integer (2784 binary)

Root relaxation: infeasible, 789 iterations, 0.10 seconds

    Nodes    |    Current Node    |     Objective Bounds      |     Work
 Expl Unexpl |  Obj  Depth IntInf | Incumbent    BestBd   Gap | It/Node Time

     0     0 infeasible    0               - infeasible      -     -    0s

Explored 0 nodes (789 simplex iterations) in 0.51 seconds
Thread count was 4 (of 4 available processors)

Solution count 0

Model is infeasible
Best objective -, best bound -, gap -
Optimize a model with 60 rows, 200 columns and 400 nonzeros
Model has 5100 quadratic objective terms
Variable types: 0 continuous, 200 integer (200 binary)
Coefficient statistics:
  Matrix range     [1e+00, 1e+00]
  Objective range  [3e-02, 7e-01]
  QObjective range [9e-03, 6e-01]
  Bounds range     [1e+00, 1e+00]
  RHS range        [1e+00, 1e+00]
Presolve time: 0.00s

Explored 0 nodes (0 simplex iterations) in 0.03 seconds
Thread count was 1 (of 4 available processors)

Solution count 0

Model is infeasible
Best objective -, best bound -, gap -
Optimize a model with 260 rows, 200 columns and 800 nonzeros
Model has 5100 quadratic objective terms
Variable types: 0 continuous, 200 integer (200 binary)
Coefficient statistics:
  Matrix range     [1e+00, 1e+00]
  Objective range  [3e-02, 7e-01]
  QObjective range [9e-03, 6e-01]
  Bounds range     [1e+00, 1e+00]
  RHS range        [1e+00, 1e+00]
Presolve time: 0.00s

Explored 0 nodes (0 simplex iterations) in 0.02 seconds
Thread count was 1 (of 4 available processors)

Solution count 0

Model is infeasible
Best objective -, best bound -, gap -
Optimize a model with 260 rows, 200 columns and 800 nonzeros
Variable types: 0 continuous, 200 integer (200 binary)
Coefficient statistics:
  Matrix range     [1e+00, 1e+00]
  Objective range  [7e-02, 4e-01]
  Bounds range     [1e+00, 1e+00]
  RHS range        [1e+00, 1e+00]
Presolve time: 0.00s

Explored 0 nodes (0 simplex iterations) in 0.02 seconds
Thread count was 1 (of 4 available processors)

Solution count 0

Model is infeasible
Best objective -, best bound -, gap -
Optimize a model with 160 rows, 200 columns and 600 nonzeros
Variable types: 0 continuous, 200 integer (200 binary)
Coefficient statistics:
  Matrix range     [1e+00, 1e+00]
  Objective range  [7e-02, 4e-01]
  Bounds range     [1e+00, 1e+00]
  RHS range        [1e+00, 1e+00]
Presolve time: 0.00s

Explored 0 nodes (0 simplex iterations) in 0.02 seconds
Thread count was 1 (of 4 available processors)

Solution count 0

Model is infeasible
Best objective -, best bound -, gap -
Optimize a model with 260 rows, 200 columns and 800 nonzeros
Variable types: 0 continuous, 200 integer (200 binary)
Coefficient statistics:
  Matrix range     [1e+00, 1e+00]
  Objective range  [7e-02, 4e-01]
  Bounds range     [1e+00, 1e+00]
  RHS range        [1e+00, 1e+00]
Presolve time: 0.00s

Explored 0 nodes (0 simplex iterations) in 0.02 seconds
Thread count was 1 (of 4 available processors)

Solution count 0

Model is infeasible
Best objective -, best bound -, gap -
Optimize a model with 260 rows, 200 columns and 800 nonzeros
Variable types: 0 continuous, 200 integer (200 binary)
Coefficient statistics:
  Matrix range     [1e+00, 1e+00]
  Objective range  [7e-02, 4e-01]
  Bounds range     [1e+00, 1e+00]
  RHS range        [1e+00, 1e+00]
Presolve time: 0.00s

Explored 0 nodes (0 simplex iterations) in 0.02 seconds
Thread count was 1 (of 4 available processors)

Solution count 0

Model is infeasible
Best objective -, best bound -, gap -
Optimize a model with 260 rows, 200 columns and 800 nonzeros
Variable types: 0 continuous, 200 integer (200 binary)
Coefficient statistics:
  Matrix range     [1e+00, 1e+00]
  Objective range  [7e-02, 4e-01]
  Bounds range     [1e+00, 1e+00]
  RHS range        [1e+00, 1e+00]
Presolve time: 0.00s

Explored 0 nodes (0 simplex iterations) in 0.02 seconds
Thread count was 1 (of 4 available processors)

Solution count 0

Model is infeasible
Best objective -, best bound -, gap -
Optimize a model with 180 rows, 100 columns and 400 nonzeros
Variable types: 0 continuous, 100 integer (100 binary)
Coefficient statistics:
  Matrix range     [1e+00, 1e+00]
  Objective range  [7e-02, 4e-01]
  Bounds range     [1e+00, 1e+00]
  RHS range        [1e+00, 1e+00]
Presolve removed 100 rows and 0 columns
Presolve time: 0.00s

Explored 0 nodes (0 simplex iterations) in 0.02 seconds
Thread count was 1 (of 4 available processors)

Solution count 0

Model is infeasible
Best objective -, best bound -, gap -
Optimize a model with 30 rows, 100 columns and 200 nonzeros
Variable types: 0 continuous, 100 integer (100 binary)
Coefficient statistics:
  Matrix range     [1e+00, 1e+00]
  Objective range  [7e-02, 4e-01]
  Bounds range     [1e+00, 1e+00]
  RHS range        [1e+00, 1e+00]
Presolve time: 0.00s

Explored 0 nodes (0 simplex iterations) in 0.02 seconds
Thread count was 1 (of 4 available processors)

Solution count 0

Model is infeasible
Best objective -, best bound -, gap -
Optimize a model with 150 rows, 100 columns and 200 nonzeros
Variable types: 0 continuous, 100 integer (100 binary)
Coefficient statistics:
  Matrix range     [1e+00, 1e+00]
  Objective range  [7e-02, 4e-01]
  Bounds range     [1e+00, 1e+00]
  RHS range        [1e+00, 1e+00]
Found heuristic solution: objective -6.3455130
Presolve removed 150 rows and 100 columns
Presolve time: 0.00s
Presolve: All rows and columns removed

Explored 0 nodes (0 simplex iterations) in 0.03 seconds
Thread count was 1 (of 4 available processors)

Solution count 1: -6.34551 

Optimal solution found (tolerance 1.00e-04)
Best objective -6.345513041165e+00, best bound -6.345513041165e+00, gap 0.0000%
Optimize a model with 150 rows, 100 columns and 200 nonzeros
Model has 2550 quadratic objective terms
Variable types: 0 continuous, 100 integer (100 binary)
Coefficient statistics:
  Matrix range     [1e+00, 1e+00]
  Objective range  [4e-02, 5e-01]
  QObjective range [9e-03, 6e-01]
  Bounds range     [1e+00, 1e+00]
  RHS range        [1e+00, 1e+00]
Found heuristic solution: objective 0.4616756
Presolve removed 100 rows and 0 columns
Presolve time: 0.09s
Presolved: 50 rows, 100 columns, 100 nonzeros
Presolved model has 2550 quadratic objective terms
Variable types: 0 continuous, 100 integer (100 binary)

Root relaxation: objective 0.000000e+00, 25 iterations, 0.00 seconds

    Nodes    |    Current Node    |     Objective Bounds      |     Work
 Expl Unexpl |  Obj  Depth IntInf | Incumbent    BestBd   Gap | It/Node Time

     0     0    0.00000    0    3    0.46168    0.00000   100%     -    0s
H    0     0                       0.0119026    0.00000   100%     -    0s
H    0     0                       0.0015813    0.00000   100%     -    0s
H    0     0                       0.0000362    0.00000   100%     -    0s
H    0     2                       0.0000148    0.00000   100%     -    0s
     0     2    0.00000    0    3    0.00001    0.00000   100%     -    0s
H  379   176                       0.0000070    0.00000   100%   3.4    0s
H  968   351                       0.0000049    0.00000   100%   3.3    0s
H 3044   699                       0.0000025    0.00000   100%   3.3    0s
H 3112   664                       0.0000011    0.00000   100%   3.3    0s
H 3641   600                       0.0000002    0.00000      -   3.3    0s
H 3943   499                       0.0000002    0.00000      -   3.3    0s
 75375  6031    0.00000   80    2    0.00000    0.00000      -   3.1    5s
H76859  6027                       0.0000002    0.00000      -   3.1    5s
H80252  5976                       0.0000002    0.00000      -   3.1    5s
H93508  6107                       0.0000001    0.00000      -   3.1    6s
H101078  5964                       0.0000001    0.00000      -   3.1    6s
 157887  5548    0.00000   79    2    0.00000    0.00000      -   3.1   10s
 239903  4339     cutoff   58         0.00000    0.00000      -   3.1   15s
*301112  1773              70       0.0000001    0.00000      -   3.1   18s
H302408  1905                       0.0000000    0.00000      -   3.1   18s
 335022  2855     cutoff   86         0.00000    0.00000      -   3.1   20s
 417361  6917     cutoff   68         0.00000    0.00000      -   3.1   25s
 498624 11594    0.00000   72    2    0.00000    0.00000      -   3.1   30s
 579698 13215    0.00000   76    2    0.00000    0.00000      -   3.1   35s
 656563 14653    0.00000   91    2    0.00000    0.00000      -   3.1   40s
 720427 15377    0.00000   77    2    0.00000    0.00000      -   3.2   45s
 776982 18913    0.00000   62    2    0.00000    0.00000      -   3.2   50s
 850375 21376    0.00000   78    2    0.00000    0.00000      -   3.2   55s
H870273     3                       0.0000000    0.00000  0.00%   3.2   56s

Explored 870297 nodes (2784017 simplex iterations) in 56.39 seconds
Thread count was 4 (of 4 available processors)

Solution count 10: 1.38815e-11 7.89738e-09 5.53223e-08 ... 1.06834e-06

Optimal solution found (tolerance 1.00e-04)
Best objective 1.388145154380e-11, best bound 1.110223024625e-16, gap 0.0000%

Gurobi 7.5.2 (win64, Python) logging started 11/10/18 16:13:23

Academic license - for non-commercial use only
Optimize a model with 184 rows, 101 columns and 604 nonzeros
Variable types: 1 continuous, 100 integer (100 binary)
Coefficient statistics:
  Matrix range     [7e-02, 1e+00]
  Objective range  [1e+00, 1e+00]
  Bounds range     [1e+00, 1e+00]
  RHS range        [7e-01, 1e+00]
Presolve removed 102 rows and 0 columns
Presolve time: 0.00s

Explored 0 nodes (0 simplex iterations) in 0.03 seconds
Thread count was 1 (of 4 available processors)

Solution count 0

Model is infeasible
Best objective -, best bound -, gap -
Optimize a model with 65 rows, 31 columns and 184 nonzeros
Variable types: 1 continuous, 30 integer (30 binary)
Coefficient statistics:
  Matrix range     [7e-02, 1e+00]
  Objective range  [1e+00, 1e+00]
  Bounds range     [1e+00, 1e+00]
  RHS range        [4e-01, 1e+00]
Presolve removed 33 rows and 0 columns
Presolve time: 0.01s
Presolved: 32 rows, 31 columns, 101 nonzeros
Variable types: 1 continuous, 30 integer (30 binary)

Root relaxation: infeasible, 19 iterations, 0.00 seconds

    Nodes    |    Current Node    |     Objective Bounds      |     Work
 Expl Unexpl |  Obj  Depth IntInf | Incumbent    BestBd   Gap | It/Node Time

     0     0 infeasible    0               - infeasible      -     -    0s

Explored 0 nodes (19 simplex iterations) in 0.16 seconds
Thread count was 4 (of 4 available processors)

Solution count 0

Model is infeasible
Best objective -, best bound -, gap -
Optimize a model with 65 rows, 31 columns and 184 nonzeros
Variable types: 1 continuous, 30 integer (30 binary)
Coefficient statistics:
  Matrix range     [7e-02, 1e+00]
  Objective range  [1e+00, 1e+00]
  Bounds range     [1e+00, 1e+00]
  RHS range        [4e-02, 1e+00]
Presolve removed 34 rows and 1 columns
Presolve time: 0.00s
Presolved: 31 rows, 30 columns, 90 nonzeros
Variable types: 0 continuous, 30 integer (30 binary)

Root relaxation: infeasible, 18 iterations, 0.00 seconds

    Nodes    |    Current Node    |     Objective Bounds      |     Work
 Expl Unexpl |  Obj  Depth IntInf | Incumbent    BestBd   Gap | It/Node Time

     0     0 infeasible    0               - infeasible      -     -    0s

Explored 0 nodes (18 simplex iterations) in 0.04 seconds
Thread count was 4 (of 4 available processors)

Solution count 0

Model is infeasible
Best objective -, best bound -, gap -
Optimize a model with 65 rows, 31 columns and 184 nonzeros
Variable types: 1 continuous, 30 integer (30 binary)
Coefficient statistics:
  Matrix range     [7e-02, 1e+00]
  Objective range  [1e+00, 1e+00]
  Bounds range     [1e+00, 1e+00]
  RHS range        [3e-01, 1e+00]
Presolve removed 34 rows and 1 columns
Presolve time: 0.00s
Presolved: 31 rows, 30 columns, 90 nonzeros
Variable types: 0 continuous, 30 integer (30 binary)

Root relaxation: infeasible, 18 iterations, 0.00 seconds

    Nodes    |    Current Node    |     Objective Bounds      |     Work
 Expl Unexpl |  Obj  Depth IntInf | Incumbent    BestBd   Gap | It/Node Time

     0     0 infeasible    0               - infeasible      -     -    0s

Explored 0 nodes (18 simplex iterations) in 0.04 seconds
Thread count was 4 (of 4 available processors)

Solution count 0

Model is infeasible
Best objective -, best bound -, gap -
Optimize a model with 65 rows, 31 columns and 184 nonzeros
Variable types: 1 continuous, 30 integer (30 binary)
Coefficient statistics:
  Matrix range     [7e-02, 1e+00]
  Objective range  [1e+00, 1e+00]
  Bounds range     [1e+00, 1e+00]
  RHS range        [3e-01, 1e+00]
Presolve removed 34 rows and 1 columns
Presolve time: 0.00s
Presolved: 31 rows, 30 columns, 90 nonzeros
Variable types: 0 continuous, 30 integer (30 binary)

Root relaxation: infeasible, 18 iterations, 0.00 seconds

    Nodes    |    Current Node    |     Objective Bounds      |     Work
 Expl Unexpl |  Obj  Depth IntInf | Incumbent    BestBd   Gap | It/Node Time

     0     0 infeasible    0               - infeasible      -     -    0s

Explored 0 nodes (18 simplex iterations) in 0.04 seconds
Thread count was 4 (of 4 available processors)

Solution count 0

Model is infeasible
Best objective -, best bound -, gap -
Optimize a model with 65 rows, 31 columns and 184 nonzeros
Variable types: 1 continuous, 30 integer (30 binary)
Coefficient statistics:
  Matrix range     [7e-02, 1e+00]
  Objective range  [1e+00, 1e+00]
  Bounds range     [1e+00, 1e+00]
  RHS range        [3e-01, 1e+00]
Presolve removed 34 rows and 1 columns
Presolve time: 0.00s
Presolved: 31 rows, 30 columns, 90 nonzeros
Variable types: 0 continuous, 30 integer (30 binary)

Root relaxation: infeasible, 18 iterations, 0.00 seconds

    Nodes    |    Current Node    |     Objective Bounds      |     Work
 Expl Unexpl |  Obj  Depth IntInf | Incumbent    BestBd   Gap | It/Node Time

     0     0 infeasible    0               - infeasible      -     -    0s

Explored 0 nodes (18 simplex iterations) in 0.04 seconds
Thread count was 4 (of 4 available processors)

Solution count 0

Model is infeasible
Best objective -, best bound -, gap -
Optimize a model with 65 rows, 31 columns and 184 nonzeros
Variable types: 1 continuous, 30 integer (30 binary)
Coefficient statistics:
  Matrix range     [7e-02, 1e+00]
  Objective range  [1e+00, 1e+00]
  Bounds range     [1e+00, 1e+00]
  RHS range        [3e-01, 1e+00]
Presolve removed 34 rows and 31 columns
Presolve time: 0.00s

Explored 0 nodes (0 simplex iterations) in 0.02 seconds
Thread count was 1 (of 4 available processors)

Solution count 0

Model is infeasible
Best objective -, best bound -, gap -
Optimize a model with 65 rows, 31 columns and 184 nonzeros
Variable types: 1 continuous, 30 integer (30 binary)
Coefficient statistics:
  Matrix range     [7e-02, 1e+00]
  Objective range  [1e+00, 1e+00]
  Bounds range     [1e+00, 1e+00]
  RHS range        [3e-01, 1e+00]
Presolve removed 34 rows and 1 columns
Presolve time: 0.00s
Presolved: 31 rows, 30 columns, 90 nonzeros
Variable types: 0 continuous, 30 integer (30 binary)

Root relaxation: infeasible, 18 iterations, 0.00 seconds

    Nodes    |    Current Node    |     Objective Bounds      |     Work
 Expl Unexpl |  Obj  Depth IntInf | Incumbent    BestBd   Gap | It/Node Time

     0     0 infeasible    0               - infeasible      -     -    0s

Explored 0 nodes (18 simplex iterations) in 0.04 seconds
Thread count was 4 (of 4 available processors)

Solution count 0

Model is infeasible
Best objective -, best bound -, gap -
Optimize a model with 65 rows, 31 columns and 184 nonzeros
Variable types: 1 continuous, 30 integer (30 binary)
Coefficient statistics:
  Matrix range     [7e-02, 1e+00]
  Objective range  [1e+00, 1e+00]
  Bounds range     [1e+00, 1e+00]
  RHS range        [3e-01, 2e+00]
Presolve removed 40 rows and 8 columns
Presolve time: 0.00s

Explored 0 nodes (0 simplex iterations) in 0.02 seconds
Thread count was 1 (of 4 available processors)

Solution count 0

Model is infeasible
Best objective -, best bound -, gap -
Optimize a model with 65 rows, 31 columns and 184 nonzeros
Variable types: 1 continuous, 30 integer (30 binary)
Coefficient statistics:
  Matrix range     [7e-02, 1e+00]
  Objective range  [1e+00, 1e+00]
  Bounds range     [1e+00, 1e+00]
  RHS range        [3e-01, 1e+00]
Found heuristic solution: objective 0.4599049
Presolve removed 32 rows and 0 columns
Presolve time: 0.00s
Presolved: 33 rows, 31 columns, 122 nonzeros
Variable types: 1 continuous, 30 integer (30 binary)

Root relaxation: objective 9.161790e-02, 16 iterations, 0.00 seconds

    Nodes    |    Current Node    |     Objective Bounds      |     Work
 Expl Unexpl |  Obj  Depth IntInf | Incumbent    BestBd   Gap | It/Node Time

*    0     0               0       0.0916179    0.09162  0.00%     -    0s

Explored 0 nodes (18 simplex iterations) in 0.04 seconds
Thread count was 4 (of 4 available processors)

Solution count 2: 0.0916179 0.459905 

Optimal solution found (tolerance 1.00e-04)
Best objective 9.161789646988e-02, best bound 9.161789646988e-02, gap 0.0000%
Optimize a model with 65 rows, 31 columns and 184 nonzeros
Variable types: 1 continuous, 30 integer (30 binary)
Coefficient statistics:
  Matrix range     [7e-02, 1e+00]
  Objective range  [1e+00, 1e+00]
  Bounds range     [1e+00, 1e+00]
  RHS range        [2e-02, 1e+00]
Presolve removed 34 rows and 1 columns
Presolve time: 0.00s
Presolved: 31 rows, 30 columns, 90 nonzeros
Variable types: 0 continuous, 30 integer (30 binary)

Root relaxation: infeasible, 17 iterations, 0.00 seconds

    Nodes    |    Current Node    |     Objective Bounds      |     Work
 Expl Unexpl |  Obj  Depth IntInf | Incumbent    BestBd   Gap | It/Node Time

     0     0 infeasible    0               - infeasible      -     -    0s

Explored 0 nodes (17 simplex iterations) in 0.04 seconds
Thread count was 4 (of 4 available processors)

Solution count 0

Model is infeasible
Best objective -, best bound -, gap -
Optimize a model with 65 rows, 31 columns and 184 nonzeros
Variable types: 1 continuous, 30 integer (30 binary)
Coefficient statistics:
  Matrix range     [7e-02, 1e+00]
  Objective range  [1e+00, 1e+00]
  Bounds range     [1e+00, 1e+00]
  RHS range        [2e-02, 1e+00]
Found heuristic solution: objective 0.6105688
Found heuristic solution: objective 0.6105688
Presolve removed 56 rows and 15 columns
Presolve time: 0.00s
Presolved: 9 rows, 16 columns, 46 nonzeros
Variable types: 1 continuous, 15 integer (15 binary)

Root relaxation: objective 2.422817e-01, 10 iterations, 0.00 seconds

    Nodes    |    Current Node    |     Objective Bounds      |     Work
 Expl Unexpl |  Obj  Depth IntInf | Incumbent    BestBd   Gap | It/Node Time

*    0     0               0       0.2422817    0.24228  0.00%     -    0s

Explored 0 nodes (10 simplex iterations) in 0.04 seconds
Thread count was 4 (of 4 available processors)

Solution count 3: 0.242282 0.610569 0.610569 

Optimal solution found (tolerance 1.00e-04)
Best objective 2.422817147977e-01, best bound 2.422817147977e-01, gap 0.0000%
Optimize a model with 49 rows, 31 columns and 124 nonzeros
Variable types: 1 continuous, 30 integer (30 binary)
Coefficient statistics:
  Matrix range     [7e-02, 1e+00]
  Objective range  [1e+00, 1e+00]
  Bounds range     [1e+00, 1e+00]
  RHS range        [7e-01, 1e+00]
Found heuristic solution: objective 0.8386428
Found heuristic solution: objective 0.8386428
Presolve removed 30 rows and 0 columns
Presolve time: 0.00s
Presolved: 19 rows, 31 columns, 94 nonzeros
Variable types: 1 continuous, 30 integer (30 binary)

Root relaxation: objective 0.000000e+00, 19 iterations, 0.00 seconds

    Nodes    |    Current Node    |     Objective Bounds      |     Work
 Expl Unexpl |  Obj  Depth IntInf | Incumbent    BestBd   Gap | It/Node Time

     0     0    0.00000    0    2    0.83864    0.00000   100%     -    0s
H    0     0                       0.0088572    0.00000   100%     -    0s
H    0     0                       0.0063874    0.00000   100%     -    0s
     0     0    0.00000    0    3    0.00639    0.00000   100%     -    0s
     0     0    0.00000    0    2    0.00639    0.00000   100%     -    0s
H    0     0                       0.0054152    0.00000   100%     -    0s
     0     0    0.00228    0    3    0.00542    0.00228  58.0%     -    0s
     0     0    0.00228    0    3    0.00542    0.00228  58.0%     -    0s
     0     0    0.00228    0    5    0.00542    0.00228  58.0%     -    0s
     0     0    0.00228    0    5    0.00542    0.00228  58.0%     -    0s
     0     2    0.00228    0    5    0.00542    0.00228  58.0%     -    0s
*  175    40              12       0.0051072    0.00228  55.5%   1.0    0s
*  179    40              11       0.0050448    0.00228  54.9%   1.1    0s
H  242    27                       0.0049522    0.00228  54.1%   1.2    0s

Cutting planes:
  Gomory: 1
  Cover: 202
  MIR: 1
  StrongCG: 2

Explored 2582 nodes (6184 simplex iterations) in 0.44 seconds
Thread count was 4 (of 4 available processors)

Solution count 8: 0.00495222 0.00504481 0.00510723 ... 0.838643

Optimal solution found (tolerance 1.00e-04)
Best objective 4.952217373696e-03, best bound 4.952217373696e-03, gap 0.0000%
Optimize a model with 49 rows, 31 columns and 124 nonzeros
Variable types: 1 continuous, 30 integer (30 binary)
Coefficient statistics:
  Matrix range     [7e-02, 1e+00]
  Objective range  [1e+00, 1e+00]
  Bounds range     [1e+00, 1e+00]
  RHS range        [7e-01, 1e+00]
Presolved: 19 rows, 31 columns, 94 nonzeros

Continuing optimization...


Cutting planes:
  Gomory: 1
  Cover: 202
  MIR: 1
  StrongCG: 2

Explored 2582 nodes (6184 simplex iterations) in 0.03 seconds
Thread count was 4 (of 4 available processors)

Solution count 8: 0.00495222 0.00504481 0.00510723 ... 0.838643

Optimal solution found (tolerance 1.00e-04)
Best objective 4.952217373696e-03, best bound 4.952217373696e-03, gap 0.0000%
Optimize a model with 65 rows, 31 columns and 184 nonzeros
Variable types: 1 continuous, 30 integer (30 binary)
Coefficient statistics:
  Matrix range     [7e-02, 1e+00]
  Objective range  [1e+00, 1e+00]
  Bounds range     [1e+00, 1e+00]
  RHS range        [7e-01, 1e+00]
Presolve removed 33 rows and 0 columns
Presolve time: 0.00s
Presolved: 32 rows, 31 columns, 101 nonzeros
Variable types: 1 continuous, 30 integer (30 binary)

Root relaxation: infeasible, 15 iterations, 0.00 seconds

    Nodes    |    Current Node    |     Objective Bounds      |     Work
 Expl Unexpl |  Obj  Depth IntInf | Incumbent    BestBd   Gap | It/Node Time

     0     0 infeasible    0               - infeasible      -     -    0s

Explored 0 nodes (15 simplex iterations) in 0.03 seconds
Thread count was 4 (of 4 available processors)

Solution count 0

Model is infeasible
Best objective -, best bound -, gap -
Optimize a model with 310 rows, 241 columns and 1472 nonzeros
Variable types: 1 continuous, 240 integer (240 binary)
Coefficient statistics:
  Matrix range     [7e-02, 1e+00]
  Objective range  [1e+00, 1e+00]
  Bounds range     [1e+00, 1e+00]
  RHS range        [4e-03, 1e+00]
Presolve removed 28 rows and 0 columns
Presolve time: 0.02s
Presolved: 282 rows, 241 columns, 1001 nonzeros
Variable types: 1 continuous, 240 integer (240 binary)

Root relaxation: infeasible, 57 iterations, 0.00 seconds

    Nodes    |    Current Node    |     Objective Bounds      |     Work
 Expl Unexpl |  Obj  Depth IntInf | Incumbent    BestBd   Gap | It/Node Time

     0     0 infeasible    0               - infeasible      -     -    0s

Explored 0 nodes (57 simplex iterations) in 0.06 seconds
Thread count was 4 (of 4 available processors)

Solution count 0

Model is infeasible
Best objective -, best bound -, gap -
Optimize a model with 310 rows, 241 columns and 1472 nonzeros
Variable types: 1 continuous, 240 integer (240 binary)
Coefficient statistics:
  Matrix range     [7e-02, 1e+00]
  Objective range  [1e+00, 1e+00]
  Bounds range     [1e+00, 1e+00]
  RHS range        [4e-02, 1e+00]
Presolve removed 29 rows and 0 columns
Presolve time: 0.00s
Presolved: 281 rows, 241 columns, 993 nonzeros
Variable types: 1 continuous, 240 integer (240 binary)

Root relaxation: infeasible, 52 iterations, 0.00 seconds

    Nodes    |    Current Node    |     Objective Bounds      |     Work
 Expl Unexpl |  Obj  Depth IntInf | Incumbent    BestBd   Gap | It/Node Time

     0     0 infeasible    0               - infeasible      -     -    0s

Explored 0 nodes (52 simplex iterations) in 0.05 seconds
Thread count was 4 (of 4 available processors)

Solution count 0

Model is infeasible
Best objective -, best bound -, gap -
Optimize a model with 310 rows, 241 columns and 1472 nonzeros
Variable types: 1 continuous, 240 integer (240 binary)
Coefficient statistics:
  Matrix range     [7e-02, 1e+00]
  Objective range  [1e+00, 1e+00]
  Bounds range     [1e+00, 1e+00]
  RHS range        [1e-01, 1e+00]
Presolve removed 30 rows and 0 columns
Presolve time: 0.00s
Presolved: 280 rows, 241 columns, 977 nonzeros
Variable types: 1 continuous, 240 integer (240 binary)

Root relaxation: infeasible, 45 iterations, 0.00 seconds

    Nodes    |    Current Node    |     Objective Bounds      |     Work
 Expl Unexpl |  Obj  Depth IntInf | Incumbent    BestBd   Gap | It/Node Time

     0     0 infeasible    0               - infeasible      -     -    0s

Explored 0 nodes (45 simplex iterations) in 0.04 seconds
Thread count was 4 (of 4 available processors)

Solution count 0

Model is infeasible
Best objective -, best bound -, gap -
Optimize a model with 310 rows, 241 columns and 1472 nonzeros
Variable types: 1 continuous, 240 integer (240 binary)
Coefficient statistics:
  Matrix range     [7e-02, 1e+00]
  Objective range  [1e+00, 1e+00]
  Bounds range     [1e+00, 1e+00]
  RHS range        [1e-01, 1e+00]
Presolve removed 120 rows and 120 columns
Presolve time: 0.00s

Explored 0 nodes (0 simplex iterations) in 0.02 seconds
Thread count was 1 (of 4 available processors)

Solution count 0

Model is infeasible
Best objective -, best bound -, gap -
Optimize a model with 310 rows, 241 columns and 1472 nonzeros
Variable types: 1 continuous, 240 integer (240 binary)
Coefficient statistics:
  Matrix range     [7e-02, 1e+00]
  Objective range  [1e+00, 1e+00]
  Bounds range     [1e+00, 1e+00]
  RHS range        [1e-01, 1e+00]
Presolve removed 30 rows and 0 columns
Presolve time: 0.00s
Presolved: 280 rows, 241 columns, 977 nonzeros
Variable types: 1 continuous, 240 integer (240 binary)

Root relaxation: infeasible, 45 iterations, 0.00 seconds

    Nodes    |    Current Node    |     Objective Bounds      |     Work
 Expl Unexpl |  Obj  Depth IntInf | Incumbent    BestBd   Gap | It/Node Time

     0     0 infeasible    0               - infeasible      -     -    0s

Explored 0 nodes (45 simplex iterations) in 0.04 seconds
Thread count was 4 (of 4 available processors)

Solution count 0

Model is infeasible
Best objective -, best bound -, gap -
Optimize a model with 150 rows, 100 columns and 200 nonzeros
Model has 2550 quadratic objective terms
Variable types: 0 continuous, 100 integer (100 binary)
Coefficient statistics:
  Matrix range     [1e+00, 1e+00]
  Objective range  [3e-02, 8e-01]
  QObjective range [9e-03, 6e-01]
  Bounds range     [1e+00, 1e+00]
  RHS range        [1e+00, 1e+00]
Found heuristic solution: objective 0.9896347
Presolve removed 100 rows and 0 columns
Presolve time: 0.00s
Presolved: 50 rows, 100 columns, 100 nonzeros
Presolved model has 2550 quadratic objective terms
Variable types: 0 continuous, 100 integer (100 binary)

Root relaxation: objective -1.110223e-16, 27 iterations, 0.00 seconds

    Nodes    |    Current Node    |     Objective Bounds      |     Work
 Expl Unexpl |  Obj  Depth IntInf | Incumbent    BestBd   Gap | It/Node Time

     0     0   -0.00000    0    3    0.98963   -0.00000   100%     -    0s
H    0     0                       0.0170522   -0.00000   100%     -    0s
H    0     0                       0.0066721   -0.00000   100%     -    0s
H    0     0                       0.0049623   -0.00000   100%     -    0s
     0     2   -0.00000    0    3    0.00496   -0.00000   100%     -    0s
H    2     4                       0.0003077   -0.00000   100%   1.5    0s
H   39    15                       0.0000050   -0.00000   100%   4.2    0s
H  434   137                       0.0000029   -0.00000   100%   3.6    0s
H  535   205                       0.0000016   -0.00000   100%   3.6    0s
H 3267  1146                       0.0000015   -0.00000   100%   3.6    0s
H 3985  1530                       0.0000014   -0.00000   100%   3.6    0s
H 3987  1531                       0.0000014   -0.00000   100%   3.6    0s
H 7214  3088                       0.0000008   -0.00000      -   3.5    1s
H13857  4379                       0.0000001    0.00000      -   3.4    1s
H13860  4337                       0.0000000    0.00000      -   3.4    1s
H49811  6599                       0.0000000    0.00000      -   3.2    3s
 70087  7155     cutoff   63         0.00000    0.00000      -   3.2    5s
H99148  7891                       0.0000000    0.00000      -   3.2    6s
H99340  7903                       0.0000000    0.00000      -   3.2    6s
H111768  9398                       0.0000000    0.00000      -   3.2    7s
 149972 13735    0.00000   64    2    0.00000    0.00000      -   3.2   10s
 223146 21810    0.00000   61    2    0.00000    0.00000      -   3.2   15s
 314158 29509    0.00000   68    2    0.00000    0.00000      -   3.2   20s
 387962 36667     cutoff   70         0.00000    0.00000      -   3.2   25s
 468394 41627     cutoff   92         0.00000    0.00000      -   3.2   30s
 547769 46755    0.00000   58    2    0.00000    0.00000      -   3.2   35s
 633633 58715    0.00000   30    2    0.00000    0.00000      -   3.2   40s
 716631 66315    0.00000   65    2    0.00000    0.00000      -   3.2   45s
 795083 72230     cutoff   74         0.00000    0.00000      -   3.2   50s
 872825 82621    0.00000   58    2    0.00000    0.00000      -   3.2   55s
 947200 96711    0.00000   57    2    0.00000    0.00000      -   3.2   60s
 1018868 109436     cutoff   79         0.00000    0.00000      -   3.2   65s
 1098927 114613    0.00000   52    2    0.00000    0.00000      -   3.2   70s
 1184392 116874     cutoff   65         0.00000    0.00000      -   3.2   75s
 1266200 119248    0.00000   61    2    0.00000    0.00000      -   3.2   80s
 1350903 121711     cutoff   86         0.00000    0.00000      -   3.2   85s
 1430693 122674     cutoff   97         0.00000    0.00000      -   3.2   90s
 1518337 124556    0.00000   68    2    0.00000    0.00000      -   3.2   95s
 1601732 126797    0.00000   72    2    0.00000    0.00000      -   3.2  100s
 1691305 128150     cutoff   74         0.00000    0.00000      -   3.2  105s
 1778389 134079     cutoff   72         0.00000    0.00000      -   3.2  110s
 1843768 146320     cutoff   68         0.00000    0.00000      -   3.2  115s
 1929941 155031    0.00000   61    3    0.00000    0.00000      -   3.2  120s
 2018318 161027     cutoff   71         0.00000    0.00000      -   3.2  125s
 2096035 168182     cutoff   93         0.00000    0.00000      -   3.2  130s
Optimize a model with 310 rows, 241 columns and 1472 nonzeros
Variable types: 1 continuous, 240 integer (240 binary)
Coefficient statistics:
  Matrix range     [7e-02, 1e+00]
  Objective range  [1e+00, 1e+00]
  Bounds range     [1e+00, 1e+00]
  RHS range        [1e-01, 1e+00]
Found heuristic solution: objective 0.9271216
Found heuristic solution: objective 0.9271216
Presolve removed 154 rows and 105 columns
Presolve time: 0.00s
Presolved: 156 rows, 136 columns, 639 nonzeros
Variable types: 1 continuous, 135 integer (135 binary)

Root relaxation: objective 5.588345e-01, 42 iterations, 0.00 seconds

    Nodes    |    Current Node    |     Objective Bounds      |     Work
 Expl Unexpl |  Obj  Depth IntInf | Incumbent    BestBd   Gap | It/Node Time

*    0     0               0       0.5588345    0.55883  0.00%     -    0s

Explored 0 nodes (54 simplex iterations) in 0.05 seconds
Thread count was 4 (of 4 available processors)

Solution count 3: 0.558835 0.927122 0.927122 

Optimal solution found (tolerance 1.00e-04)
Best objective 5.588345163617e-01, best bound 5.588345163617e-01, gap 0.0000%
 2149950 174539     cutoff   49         0.00000    0.00000      -   3.2  135s
 2214369 187235    0.00000   61    3    0.00000    0.00000      -   3.2  140s
 2293768 196497     cutoff   61         0.00000    0.00000      -   3.2  145s
 2370171 203112     cutoff   73         0.00000    0.00000      -   3.2  150s
 2447499 209107    0.00000  100    3    0.00000    0.00000      -   3.2  155s
 2526072 211568     cutoff   63         0.00000    0.00000      -   3.2  160s
 2607690 214112    0.00000   78    2    0.00000    0.00000      -   3.2  165s
 2686954 218893     cutoff   71         0.00000    0.00000      -   3.2  170s
 2761499 220931    0.00000   64    2    0.00000    0.00000      -   3.2  175s
 2837065 221591     cutoff   90         0.00000    0.00000      -   3.2  180s
 2902071 221364    0.00000   84    2    0.00000    0.00000      -   3.2  185s
 2978122 223234     cutoff   64         0.00000    0.00000      -   3.2  190s
 3048321 224177     cutoff   74         0.00000    0.00000      -   3.2  195s
 3124949 225238     cutoff   69         0.00000    0.00000      -   3.2  200s
 3200937 227288    0.00000   61    2    0.00000    0.00000      -   3.2  205s
 3273647 227860     cutoff   65         0.00000    0.00000      -   3.2  210s
 3349637 229803    0.00000   59    2    0.00000    0.00000      -   3.2  215s
 3431127 234487     cutoff   74         0.00000    0.00000      -   3.2  220s
 3507677 237814     cutoff   52         0.00000    0.00000      -   3.2  225s
 3593535 238603    0.00000   68    2    0.00000    0.00000      -   3.2  230s
 3673696 240444     cutoff   66         0.00000    0.00000      -   3.2  235s
 3760627 242384     cutoff   68         0.00000    0.00000      -   3.2  240s
 3822870 244932    0.00000   60    3    0.00000    0.00000      -   3.2  245s
 3907176 247104     cutoff   78         0.00000    0.00000      -   3.2  250s
 3983962 249968     cutoff   52         0.00000    0.00000      -   3.2  255s
 4075469 253697     cutoff   83         0.00000    0.00000      -   3.2  260s
 4143216 256481    0.00000   76    2    0.00000    0.00000      -   3.2  265s
 4233670 258370    0.00000   67    2    0.00000    0.00000      -   3.2  270s
 4320045 259792    0.00000   60    2    0.00000    0.00000      -   3.2  275s
 4397308 262669     cutoff   59         0.00000    0.00000      -   3.2  280s
 4467733 273716    0.00000   87    2    0.00000    0.00000      -   3.2  285s
 4546016 281362     cutoff   82         0.00000    0.00000      -   3.2  290s
 4627015 291164     cutoff   49         0.00000    0.00000      -   3.2  295s
 4707648 296196     cutoff   68         0.00000    0.00000      -   3.2  300s
 4777695 303638     cutoff   63         0.00000    0.00000      -   3.2  305s
 4850832 312822    0.00000   59    2    0.00000    0.00000      -   3.2  310s
 4932423 318361    0.00000   56    2    0.00000    0.00000      -   3.2  315s
 5007602 325286    0.00000   82    2    0.00000    0.00000      -   3.2  320s
 5080126 331290     cutoff   61         0.00000    0.00000      -   3.2  325s
 5154322 342152    0.00000   74    2    0.00000    0.00000      -   3.2  330s
 5233138 348597    0.00000   68    2    0.00000    0.00000      -   3.2  335s
 5315295 358313    0.00000   59    3    0.00000    0.00000      -   3.2  340s
 5394777 365058     cutoff   71         0.00000    0.00000      -   3.2  345s
 5477568 365912     cutoff   75         0.00000    0.00000      -   3.2  350s
 5557702 368169     cutoff   78         0.00000    0.00000      -   3.2  355s
 5639855 370282    0.00000   77    2    0.00000    0.00000      -   3.2  360s
 5720303 371914    0.00000   69    2    0.00000    0.00000      -   3.2  365s
 5792496 372835    0.00000   83    2    0.00000    0.00000      -   3.2  370s
 5867373 375443     cutoff   91         0.00000    0.00000      -   3.2  375s
 5943256 378039    0.00000   74    2    0.00000    0.00000      -   3.2  380s
 6019652 380228     cutoff   68         0.00000    0.00000      -   3.2  385s
 6102460 382095     cutoff   56         0.00000    0.00000      -   3.2  390s
 6186919 384698    0.00000   62    2    0.00000    0.00000      -   3.2  395s
 6260096 387338    0.00000   77    2    0.00000    0.00000      -   3.2  400s
 6339370 388748    0.00000   74    2    0.00000    0.00000      -   3.2  405s
 6418996 390517     cutoff   76         0.00000    0.00000      -   3.2  410s
 6496337 393248     cutoff   89         0.00000    0.00000      -   3.2  415s
 6572916 395979    0.00000   92    2    0.00000    0.00000      -   3.2  420s
 6666354 401109    0.00000   96    2    0.00000    0.00000      -   3.2  425s
 6761159 402970     cutoff   84         0.00000    0.00000      -   3.2  430s
 6827128 405121     cutoff   89         0.00000    0.00000      -   3.2  435s
 6898561 408538    0.00000   61    2    0.00000    0.00000      -   3.2  440s
 6983760 412364     cutoff   88         0.00000    0.00000      -   3.2  445s
 7061942 414585    0.00000   88    2    0.00000    0.00000      -   3.2  450s
 7144071 418770     cutoff   73         0.00000    0.00000      -   3.2  455s
 7222299 421820     cutoff   84         0.00000    0.00000      -   3.2  460s
 7300275 426847     cutoff   95         0.00000    0.00000      -   3.2  465s
 7380564 429632    0.00000   73    2    0.00000    0.00000      -   3.2  470s
 7460897 434895    0.00000   71    2    0.00000    0.00000      -   3.2  475s
 7551002 437934    0.00000   76    2    0.00000    0.00000      -   3.2  480s
 7633204 439874     cutoff   91         0.00000    0.00000      -   3.2  485s
 7717703 441309    0.00000   61    2    0.00000    0.00000      -   3.2  490s
 7799279 443298    0.00000   68    2    0.00000    0.00000      -   3.2  495s
 7881458 444968    0.00000   70    2    0.00000    0.00000      -   3.2  500s
 7957573 446158    0.00000   59    2    0.00000    0.00000      -   3.2  505s
 7997358 449551     cutoff   66         0.00000    0.00000      -   3.2  510s
 8071785 453208    0.00000   66    2    0.00000    0.00000      -   3.2  515s
 8143667 455223     cutoff   70         0.00000    0.00000      -   3.2  520s
 8223667 456116     cutoff   78         0.00000    0.00000      -   3.2  525s
 8319756 456669    0.00000   72    2    0.00000    0.00000      -   3.2  530s
 8402136 458633    0.00000   75    2    0.00000    0.00000      -   3.2  535s
 8485064 463195     cutoff   71         0.00000    0.00000      -   3.2  540s
 8563623 466164     cutoff   71         0.00000    0.00000      -   3.2  545s
 8647128 470856     cutoff   79         0.00000    0.00000      -   3.2  550s
 8725639 473878    0.00000   88    2    0.00000    0.00000      -   3.2  555s
 8811523 477057     cutoff   83         0.00000    0.00000      -   3.2  560s
 8883729 479393    0.00000   63    2    0.00000    0.00000      -   3.2  565s
 8964045 482769     cutoff   57         0.00000    0.00000      -   3.2  570s
 9053011 488028     cutoff   68         0.00000    0.00000      -   3.2  575s
 9126663 493284    0.00000   83    2    0.00000    0.00000      -   3.2  580s
 9206205 497413     cutoff   62         0.00000    0.00000      -   3.2  585s
 9290382 498694     cutoff   87         0.00000    0.00000      -   3.2  590s
 9368959 501786     cutoff   79         0.00000    0.00000      -   3.2  595s
 9445821 507092    0.00000   52    3    0.00000    0.00000      -   3.2  600s
 9516243 510755    0.00000   55    2    0.00000    0.00000      -   3.2  605s
 9590730 511997    0.00000   85    2    0.00000    0.00000      -   3.2  610s
 9661075 514052    0.00000   78    2    0.00000    0.00000      -   3.2  615s
 9742824 517301    0.00000   84    2    0.00000    0.00000      -   3.2  620s
 9823025 518524     cutoff   80         0.00000    0.00000      -   3.2  625s
 9910722 521369     cutoff   66         0.00000    0.00000      -   3.2  630s
 9987441 523375    0.00000   64    2    0.00000    0.00000      -   3.2  635s
 10065414 533914    0.00000   82    2    0.00000    0.00000      -   3.2  640s
 10144605 537039     cutoff   64         0.00000    0.00000      -   3.2  645s
 10220731 548476     cutoff   59         0.00000    0.00000      -   3.2  650s
 10296326 555464     cutoff   53         0.00000    0.00000      -   3.2  655s
 10380851 560042    0.00000   58    2    0.00000    0.00000      -   3.2  660s
 10452495 565873    0.00000   97    2    0.00000    0.00000      -   3.2  665s
 10528793 576945    0.00000   59    2    0.00000    0.00000      -   3.2  670s
 10606925 586020    0.00000   83    2    0.00000    0.00000      -   3.2  675s
Optimize a model with 65 rows, 31 columns and 184 nonzeros
Variable types: 1 continuous, 30 integer (30 binary)
Coefficient statistics:
  Matrix range     [7e-02, 1e+00]
  Objective range  [1e+00, 1e+00]
  Bounds range     [1e+00, 1e+00]
  RHS range        [2e-01, 1e+00]
Found heuristic solution: objective 0.6783462
Presolve removed 56 rows and 15 columns
Presolve time: 0.00s
Presolved: 9 rows, 16 columns, 46 nonzeros
Variable types: 1 continuous, 15 integer (15 binary)

Root relaxation: objective 3.100592e-01, 9 iterations, 0.00 seconds

    Nodes    |    Current Node    |     Objective Bounds      |     Work
 Expl Unexpl |  Obj  Depth IntInf | Incumbent    BestBd   Gap | It/Node Time

*    0     0               0       0.3100592    0.31006  0.00%     -    0s

Explored 0 nodes (9 simplex iterations) in 0.04 seconds
Thread count was 4 (of 4 available processors)

Solution count 2: 0.310059 0.678346 

Optimal solution found (tolerance 1.00e-04)
Best objective 3.100592096341e-01, best bound 3.100592096341e-01, gap 0.0000%
 10679597 596297     cutoff   66         0.00000    0.00000      -   3.2  680s
 10759546 600438     cutoff   81         0.00000    0.00000      -   3.2  685s
 10837234 605085     cutoff   92         0.00000    0.00000      -   3.2  690s
Optimize a model with 65 rows, 31 columns and 184 nonzeros
Variable types: 1 continuous, 30 integer (30 binary)
Coefficient statistics:
  Matrix range     [7e-02, 1e+00]
  Objective range  [1e+00, 1e+00]
  Bounds range     [1e+00, 1e+00]
  RHS range        [2e-01, 1e+00]
Presolve removed 34 rows and 1 columns
Presolve time: 0.00s
Presolved: 31 rows, 30 columns, 90 nonzeros
Variable types: 0 continuous, 30 integer (30 binary)

Root relaxation: infeasible, 17 iterations, 0.00 seconds

    Nodes    |    Current Node    |     Objective Bounds      |     Work
 Expl Unexpl |  Obj  Depth IntInf | Incumbent    BestBd   Gap | It/Node Time

     0     0 infeasible    0               - infeasible      -     -    0s

Explored 0 nodes (17 simplex iterations) in 0.04 seconds
Thread count was 4 (of 4 available processors)

Solution count 0

Model is infeasible
Best objective -, best bound -, gap -
 10905655 613903    0.00000   66    2    0.00000    0.00000      -   3.2  695s
 10985876 620734     cutoff   78         0.00000    0.00000      -   3.2  700s
 11067436 627294    0.00000   89    2    0.00000    0.00000      -   3.2  705s
 11146330 638512    0.00000   59    3    0.00000    0.00000      -   3.2  710s
 11226166 652355    0.00000   74    2    0.00000    0.00000      -   3.2  715s
 11296469 661853    0.00000   55    2    0.00000    0.00000      -   3.2  720s
 11381305 666711    0.00000   65    2    0.00000    0.00000      -   3.2  725s
 11451766 671415     cutoff   85         0.00000    0.00000      -   3.2  730s
 11531456 671842     cutoff   69         0.00000    0.00000      -   3.2  735s
 11611506 673078     cutoff   88         0.00000    0.00000      -   3.2  740s
 11691040 674323     cutoff   68         0.00000    0.00000      -   3.2  745s
 11776417 676640    0.00000   61    2    0.00000    0.00000      -   3.2  750s
 11862901 680089    0.00000   56    2    0.00000    0.00000      -   3.2  755s
 11937052 683261     cutoff   83         0.00000    0.00000      -   3.2  760s
 12008271 684992    0.00000   63    2    0.00000    0.00000      -   3.2  765s
 12079012 686745    0.00000   74    2    0.00000    0.00000      -   3.2  770s
 12158115 689730     cutoff   66         0.00000    0.00000      -   3.2  775s
 12236819 690634    0.00000   63    2    0.00000    0.00000      -   3.2  780s
 12307112 694385    0.00000   97    2    0.00000    0.00000      -   3.2  785s
 12387323 696202     cutoff   79         0.00000    0.00000      -   3.2  790s
 12459223 696805     cutoff   85         0.00000    0.00000      -   3.2  795s
 12534028 699918    0.00000   68    2    0.00000    0.00000      -   3.2  800s
 12606613 702600    0.00000   55    2    0.00000    0.00000      -   3.2  805s
 12684193 704710     cutoff   67         0.00000    0.00000      -   3.2  810s
 12775010 708316    0.00000   77    2    0.00000    0.00000      -   3.2  815s
 12855804 710855     cutoff   81         0.00000    0.00000      -   3.2  820s
 12941738 713360    0.00000   80    2    0.00000    0.00000      -   3.2  825s
 13036832 715797    0.00000   74    2    0.00000    0.00000      -   3.2  830s
 13124568 718921    0.00000   66    2    0.00000    0.00000      -   3.2  835s
 13214373 721710    0.00000   75    2    0.00000    0.00000      -   3.2  840s
 13293878 725821     cutoff   79         0.00000    0.00000      -   3.2  845s
 13379573 728312     cutoff   50         0.00000    0.00000      -   3.2  850s
 13455201 730231    0.00000   59    2    0.00000    0.00000      -   3.2  855s
 13536636 735983     cutoff   74         0.00000    0.00000      -   3.2  860s
 13621250 740064     cutoff   78         0.00000    0.00000      -   3.2  865s
 13696841 742452    0.00000   75    2    0.00000    0.00000      -   3.2  870s
 13784579 743481    0.00000   63    3    0.00000    0.00000      -   3.2  875s
 13876973 745413     cutoff   99         0.00000    0.00000      -   3.2  880s
 13967271 748230    0.00000   63    3    0.00000    0.00000      -   3.2  885s
 14049233 750473    0.00000   81    2    0.00000    0.00000      -   3.2  890s
 14136873 750700    0.00000   80    2    0.00000    0.00000      -   3.2  895s
 14215495 752291     cutoff   75         0.00000    0.00000      -   3.2  900s
 14297343 754365    0.00000   93    2    0.00000    0.00000      -   3.2  905s
 14373869 757122    0.00000   61    2    0.00000    0.00000      -   3.2  910s
 14458134 760717    0.00000   95    2    0.00000    0.00000      -   3.2  915s
 14546637 764467     cutoff   85         0.00000    0.00000      -   3.2  920s

Gurobi 7.5.2 (win64, Python) logging started 11/10/18 18:02:40

Academic license - for non-commercial use only
Optimize a model with 180 rows, 100 columns and 400 nonzeros
Model has 2550 quadratic objective terms
Variable types: 0 continuous, 100 integer (100 binary)
Coefficient statistics:
  Matrix range     [1e+00, 1e+00]
  Objective range  [1e-01, 7e-01]
  QObjective range [9e-03, 6e-01]
  Bounds range     [1e+00, 1e+00]
  RHS range        [1e+00, 1e+00]
Presolve removed 100 rows and 0 columns
Presolve time: 0.00s

Explored 0 nodes (0 simplex iterations) in 0.03 seconds
Thread count was 1 (of 4 available processors)

Solution count 0

Model is infeasible
Best objective -, best bound -, gap -
Optimize a model with 2228 rows, 1392 columns and 5568 nonzeros
Model has 485112 quadratic objective terms
Variable types: 0 continuous, 1392 integer (1392 binary)
Coefficient statistics:
  Matrix range     [1e+00, 1e+00]
  Objective range  [5e-02, 1e+00]
  QObjective range [4e-03, 3e+00]
  Bounds range     [1e+00, 1e+00]
  RHS range        [1e+00, 1e+00]
Presolve removed 1392 rows and 0 columns
Presolve time: 0.12s
Presolved: 836 rows, 1392 columns, 4176 nonzeros
Presolved model has 485112 quadratic objective terms
Variable types: 0 continuous, 1392 integer (1392 binary)
Warning: 1 variables dropped from basis

Root relaxation: infeasible, 1307 iterations, 0.10 seconds

    Nodes    |    Current Node    |     Objective Bounds      |     Work
 Expl Unexpl |  Obj  Depth IntInf | Incumbent    BestBd   Gap | It/Node Time

     0     0 infeasible    0               - infeasible      -     -    0s

Explored 0 nodes (1307 simplex iterations) in 0.36 seconds
Thread count was 4 (of 4 available processors)

Solution count 0

Model is infeasible
Best objective -, best bound -, gap -
Optimize a model with 2232 rows, 1393 columns and 8356 nonzeros
Variable types: 1 continuous, 1392 integer (1392 binary)
Coefficient statistics:
  Matrix range     [4e-02, 1e+00]
  Objective range  [1e+00, 1e+00]
  Bounds range     [1e+00, 1e+00]
  RHS range        [4e-02, 1e+00]
Presolve removed 1394 rows and 0 columns
Presolve time: 0.04s
Presolved: 838 rows, 1393 columns, 5452 nonzeros
Variable types: 1 continuous, 1392 integer (1392 binary)

Root relaxation: infeasible, 162 iterations, 0.00 seconds

    Nodes    |    Current Node    |     Objective Bounds      |     Work
 Expl Unexpl |  Obj  Depth IntInf | Incumbent    BestBd   Gap | It/Node Time

     0     0 infeasible    0               - infeasible      -     -    0s

Explored 0 nodes (162 simplex iterations) in 0.12 seconds
Thread count was 4 (of 4 available processors)

Solution count 0

Model is infeasible
Best objective -, best bound -, gap -
